<?xml version="1.0" encoding="UTF-8"?>
<testng-results skipped="0" failed="0" total="1" passed="1">
  <reporter-output>
  </reporter-output>
  <suite name="Default suite" duration-ms="36441" started-at="2017-05-24T14:20:14Z" finished-at="2017-05-24T14:20:51Z">
    <groups>
    </groups>
    <test name="Default test" duration-ms="36441" started-at="2017-05-24T14:20:14Z" finished-at="2017-05-24T14:20:51Z">
      <class name="testCases.ExecuteTest">
        <test-method status="PASS" signature="testLogin()[pri:0, instance:testCases.ExecuteTest@bd8db5a]" name="testLogin" duration-ms="35546" started-at="2017-05-24T21:20:14Z" finished-at="2017-05-24T21:20:50Z">
          <reporter-output>
          </reporter-output>
        </test-method> <!-- testLogin -->
        <test-method status="PASS" signature="setupAfterSuite()[pri:0, instance:testCases.ExecuteTest@bd8db5a]" name="setupAfterSuite" is-config="true" duration-ms="884" started-at="2017-05-24T21:20:50Z" finished-at="2017-05-24T21:20:51Z">
          <reporter-output>
          </reporter-output>
        </test-method> <!-- setupAfterSuite -->
      </class> <!-- testCases.ExecuteTest -->
    </test> <!-- Default test -->
  </suite> <!-- Default suite -->
</testng-results>
