<?xml version="1.0" encoding="UTF-8"?>
<testng-results skipped="0" failed="0" total="2" passed="2">
  <reporter-output>
  </reporter-output>
  <suite name="Default suite" duration-ms="71888" started-at="2017-05-29T16:01:18Z" finished-at="2017-05-29T16:02:30Z">
    <groups>
    </groups>
    <test name="Default test" duration-ms="71888" started-at="2017-05-29T16:01:18Z" finished-at="2017-05-29T16:02:30Z">
      <class name="testCases.ExecuteTest">
        <test-method status="PASS" signature="setup()[pri:0, instance:testCases.ExecuteTest@175c2241]" name="setup" is-config="true" duration-ms="2602" started-at="2017-05-29T23:01:18Z" finished-at="2017-05-29T23:01:21Z">
          <reporter-output>
          </reporter-output>
        </test-method> <!-- setup -->
        <test-method status="PASS" signature="testLogin(java.lang.String, int)[pri:0, instance:testCases.ExecuteTest@175c2241]" name="testLogin" duration-ms="63951" started-at="2017-05-29T23:01:21Z" data-provider="testCasePos" finished-at="2017-05-29T23:02:25Z">
          <params>
            <param index="0">
              <value>
                <![CDATA[Login In Application]]>
              </value>
            </param>
            <param index="1">
              <value>
                <![CDATA[1]]>
              </value>
            </param>
          </params>
          <reporter-output>
          </reporter-output>
        </test-method> <!-- testLogin -->
        <test-method status="PASS" signature="testLogin(java.lang.String, int)[pri:0, instance:testCases.ExecuteTest@175c2241]" name="testLogin" duration-ms="4208" started-at="2017-05-29T23:02:25Z" data-provider="testCasePos" finished-at="2017-05-29T23:02:29Z">
          <params>
            <param index="0">
              <value>
                <![CDATA[Login In Application]]>
              </value>
            </param>
            <param index="1">
              <value>
                <![CDATA[20]]>
              </value>
            </param>
          </params>
          <reporter-output>
          </reporter-output>
        </test-method> <!-- testLogin -->
        <test-method status="PASS" signature="setupAfterSuite()[pri:0, instance:testCases.ExecuteTest@175c2241]" name="setupAfterSuite" is-config="true" duration-ms="918" started-at="2017-05-29T23:02:29Z" finished-at="2017-05-29T23:02:30Z">
          <reporter-output>
          </reporter-output>
        </test-method> <!-- setupAfterSuite -->
      </class> <!-- testCases.ExecuteTest -->
    </test> <!-- Default test -->
  </suite> <!-- Default suite -->
</testng-results>
